[2025-10-08 21:07:12,640] [INFO] GET /secciones -> 200
[2025-10-08 21:09:35,335] [INFO] GET / -> 200
[2025-10-08 21:09:35,349] [INFO] GET /style.css -> 404
[2025-10-08 21:09:35,351] [INFO] GET /logo.png -> 404
[2025-10-08 21:09:35,353] [INFO] GET /app.js -> 404
[2025-10-08 21:09:35,526] [INFO] GET /favicon.ico -> 404
[2025-10-08 21:10:13,112] [INFO] GET / -> 200
[2025-10-08 21:10:13,128] [INFO] GET /style.css -> 404
[2025-10-08 21:10:13,131] [INFO] GET /logo.png -> 404
[2025-10-08 21:10:13,132] [INFO] GET /app.js -> 404
[2025-10-08 21:10:13,759] [INFO] GET / -> 200
[2025-10-08 21:10:13,773] [INFO] GET /style.css -> 404
[2025-10-08 21:10:13,778] [INFO] GET /logo.png -> 404
[2025-10-08 21:10:13,779] [INFO] GET /app.js -> 404
[2025-10-08 21:10:13,921] [INFO] GET / -> 200
[2025-10-08 21:10:13,936] [INFO] GET /style.css -> 404
[2025-10-08 21:10:13,937] [INFO] GET /logo.png -> 404
[2025-10-08 21:10:13,937] [INFO] GET /app.js -> 404
[2025-10-08 21:10:14,082] [INFO] GET / -> 200
[2025-10-08 21:10:14,093] [INFO] GET /style.css -> 404
[2025-10-08 21:10:14,097] [INFO] GET /logo.png -> 404
[2025-10-08 21:10:14,098] [INFO] GET /app.js -> 404
[2025-10-08 21:12:26,002] [INFO] GET / -> 200
[2025-10-08 21:12:26,024] [INFO] GET /Frontend/static/style.css -> 404
[2025-10-08 21:12:26,025] [INFO] GET /Frontend/static/app.js -> 404
[2025-10-08 21:12:26,025] [INFO] GET /Frontend/static/logo.png -> 404
[2025-10-08 21:12:26,527] [INFO] GET / -> 200
[2025-10-08 21:12:26,538] [INFO] GET /Frontend/static/style.css -> 404
[2025-10-08 21:12:26,541] [INFO] GET /Frontend/static/logo.png -> 404
[2025-10-08 21:12:26,542] [INFO] GET /Frontend/static/app.js -> 404
[2025-10-08 21:12:26,698] [INFO] GET / -> 200
[2025-10-08 21:12:26,714] [INFO] GET /Frontend/static/style.css -> 404
[2025-10-08 21:12:26,715] [INFO] GET /Frontend/static/logo.png -> 404
[2025-10-08 21:12:26,715] [INFO] GET /Frontend/static/app.js -> 404
[2025-10-08 21:12:26,861] [INFO] GET / -> 200
[2025-10-08 21:12:26,874] [INFO] GET /Frontend/static/style.css -> 404
[2025-10-08 21:12:26,878] [INFO] GET /Frontend/static/logo.png -> 404
[2025-10-08 21:12:26,879] [INFO] GET /Frontend/static/app.js -> 404
[2025-10-08 21:12:27,021] [INFO] GET / -> 200
[2025-10-08 21:12:27,034] [INFO] GET /Frontend/static/style.css -> 404
[2025-10-08 21:12:27,037] [INFO] GET /Frontend/static/logo.png -> 404
[2025-10-08 21:12:27,037] [INFO] GET /Frontend/static/app.js -> 404
[2025-10-08 21:13:05,784] [INFO] GET / -> 200
[2025-10-08 21:13:05,807] [INFO] GET /static/style.css -> 200
[2025-10-08 21:13:05,812] [INFO] GET /static/app.js -> 200
[2025-10-08 21:13:05,814] [INFO] GET /static/logo.png -> 200
[2025-10-08 21:13:05,857] [INFO] GET /secciones -> 200
[2025-10-08 21:13:10,449] [INFO] GET /comandos -> 200
[2025-10-08 21:13:19,697] [INFO] GET / -> 200
[2025-10-08 21:13:19,720] [INFO] GET /secciones -> 200
[2025-10-08 21:13:31,718] [INFO] GET / -> 200
[2025-10-08 21:13:31,950] [INFO] GET /static/style.css -> 200
[2025-10-08 21:13:31,952] [INFO] GET /static/logo.png -> 200
[2025-10-08 21:13:31,953] [INFO] GET /static/app.js -> 200
[2025-10-08 21:13:32,501] [INFO] GET /secciones -> 200
[2025-10-08 21:13:32,644] [INFO] GET /favicon.ico -> 404
[2025-10-08 21:13:46,949] [INFO] GET / -> 200
[2025-10-08 21:15:22,387] [INFO] GET / -> 200
[2025-10-08 21:17:46,785] [INFO] GET / -> 200
[2025-10-08 21:17:46,801] [INFO] GET /secciones -> 200
[2025-10-08 21:17:46,856] [INFO] GET /static/logo_tab.png -> 404
[2025-10-08 21:17:47,367] [INFO] GET / -> 200
[2025-10-08 21:17:47,380] [INFO] GET /secciones -> 200
[2025-10-08 21:17:47,541] [INFO] GET / -> 200
[2025-10-08 21:17:47,557] [INFO] GET /secciones -> 200
[2025-10-08 21:17:47,700] [INFO] GET / -> 200
[2025-10-08 21:17:47,716] [INFO] GET /secciones -> 200
[2025-10-08 21:17:48,181] [INFO] GET / -> 200
[2025-10-08 21:17:48,197] [INFO] GET /secciones -> 200
[2025-10-08 21:17:54,732] [INFO] GET / -> 200
[2025-10-08 21:17:54,746] [INFO] GET /secciones -> 200
[2025-10-08 21:18:23,153] [INFO] GET / -> 200
[2025-10-08 21:18:23,168] [INFO] GET /secciones -> 200
[2025-10-08 21:18:23,688] [INFO] GET / -> 200
[2025-10-08 21:18:23,705] [INFO] GET /secciones -> 200
[2025-10-08 21:18:23,862] [INFO] GET / -> 200
[2025-10-08 21:18:23,877] [INFO] GET /secciones -> 200
[2025-10-08 21:18:24,023] [INFO] GET / -> 200
[2025-10-08 21:18:24,054] [INFO] GET /secciones -> 200
[2025-10-08 21:18:24,188] [INFO] GET / -> 200
[2025-10-08 21:18:24,202] [INFO] GET /secciones -> 200
[2025-10-08 21:18:24,332] [INFO] GET / -> 200
[2025-10-08 21:18:24,346] [INFO] GET /secciones -> 200
[2025-10-08 21:18:24,508] [INFO] GET / -> 200
[2025-10-08 21:18:24,526] [INFO] GET /secciones -> 200
[2025-10-08 21:18:50,251] [INFO] GET / -> 200
[2025-10-08 21:18:50,395] [INFO] GET /secciones -> 200
[2025-10-08 21:18:50,724] [INFO] GET /static/logo_tab.png -> 404
[2025-10-08 21:19:01,200] [INFO] GET / -> 200
[2025-10-08 21:19:01,332] [INFO] GET /secciones -> 200
[2025-10-08 21:20:51,363] [INFO] GET / -> 200
[2025-10-08 21:20:51,376] [INFO] GET /static/style.css -> 304
[2025-10-08 21:20:51,379] [INFO] GET /static/app.js -> 304
[2025-10-08 21:20:51,390] [INFO] GET /secciones -> 200
[2025-10-08 21:20:51,600] [INFO] GET /static/favicon.ico -> 404
[2025-10-08 21:21:16,747] [INFO] GET / -> 200
[2025-10-08 21:21:16,986] [INFO] GET /static/style.css -> 200
[2025-10-08 21:21:16,990] [INFO] GET /static/logo.png -> 200
[2025-10-08 21:21:17,094] [INFO] GET /static/app.js -> 200
[2025-10-08 21:21:17,540] [INFO] GET /secciones -> 200
[2025-10-08 21:21:17,697] [INFO] GET /static/favicon.ico -> 404
[2025-10-08 21:21:58,301] [INFO] GET /comandos -> 200
[2025-10-08 21:22:02,729] [INFO] GET /comandos -> 200
[2025-10-08 21:22:05,686] [INFO] GET /comandos -> 200
[2025-10-08 21:22:06,798] [INFO] GET /comandos -> 200
[2025-10-08 21:22:07,694] [INFO] GET /comandos -> 200
[2025-10-08 21:22:08,876] [INFO] GET /comandos -> 200
[2025-10-08 21:22:10,332] [INFO] GET /comandos -> 200
[2025-10-08 21:22:11,292] [INFO] GET /comandos -> 200
[2025-10-08 21:22:12,085] [INFO] GET /comandos -> 200
[2025-10-08 21:22:12,635] [INFO] GET /comandos -> 200
[2025-10-08 21:22:13,065] [INFO] GET /comandos -> 200
[2025-10-08 21:22:43,818] [INFO] GET / -> 200
[2025-10-08 21:22:43,953] [INFO] GET /secciones -> 200
[2025-10-08 21:23:18,243] [INFO] GET / -> 200
[2025-10-08 21:23:18,373] [INFO] GET /secciones -> 200
[2025-10-08 21:23:39,390] [INFO] GET / -> 200
[2025-10-08 21:23:39,527] [INFO] GET /secciones -> 200
[2025-10-08 21:23:43,038] [INFO] GET / -> 200
[2025-10-08 21:23:43,178] [INFO] GET /secciones -> 200
[2025-10-08 21:24:03,672] [INFO] GET /static/favicon.ico -> 404
[2025-10-08 21:24:04,006] [INFO] GET /favicon.ico -> 404
[2025-10-08 21:25:51,772] [INFO] GET / -> 200
[2025-10-08 21:25:51,903] [INFO] GET /secciones -> 200
[2025-10-08 21:25:52,058] [INFO] GET /static/favicon.ico -> 404
[2025-10-08 21:25:52,713] [INFO] GET / -> 200
[2025-10-08 21:25:52,843] [INFO] GET /secciones -> 200
[2025-10-08 21:25:53,562] [INFO] GET / -> 200
[2025-10-08 21:25:53,688] [INFO] GET /secciones -> 200
[2025-10-08 21:26:34,119] [INFO] GET /static/favicon.ico -> 404
[2025-10-08 21:27:37,998] [INFO] GET / -> 200
[2025-10-08 21:27:38,128] [INFO] GET /secciones -> 200
[2025-10-08 21:27:38,868] [INFO] GET / -> 200
[2025-10-08 21:27:39,003] [INFO] GET /secciones -> 200
[2025-10-08 21:27:39,609] [INFO] GET / -> 200
[2025-10-08 21:27:39,736] [INFO] GET /secciones -> 200
[2025-10-08 21:27:39,920] [INFO] GET / -> 200
[2025-10-08 21:27:40,045] [INFO] GET /secciones -> 200
[2025-10-08 21:27:45,527] [INFO] GET /static/favicon.ico -> 404
[2025-10-08 21:28:29,119] [INFO] GET / -> 200
[2025-10-08 21:28:29,359] [INFO] GET /static/app.js -> 304
[2025-10-08 21:28:29,361] [INFO] GET /static/style.css -> 304
[2025-10-08 21:28:29,481] [INFO] GET /secciones -> 200
[2025-10-08 21:28:31,882] [INFO] GET / -> 200
[2025-10-08 21:28:32,012] [INFO] GET /secciones -> 200
[2025-10-08 21:28:47,872] [INFO] GET / -> 200
[2025-10-08 21:28:48,003] [INFO] GET /secciones -> 200
[2025-10-08 21:28:48,165] [INFO] GET /static/favicon.ico -> 404
[2025-10-08 21:28:48,781] [INFO] GET / -> 200
[2025-10-08 21:28:48,914] [INFO] GET /secciones -> 200
[2025-10-08 21:28:51,095] [INFO] GET /comandos -> 200
[2025-10-08 21:28:55,933] [INFO] GET / -> 200
[2025-10-08 21:28:56,065] [INFO] GET /secciones -> 200
[2025-10-08 21:30:08,566] [INFO] GET / -> 200
[2025-10-08 21:30:08,791] [INFO] GET /static/favicon.ico -> 404
[2025-10-08 21:30:38,928] [INFO] GET / -> 200
[2025-10-08 21:30:39,073] [INFO] GET /secciones -> 200
[2025-10-08 21:30:39,865] [INFO] GET / -> 200
[2025-10-08 21:30:39,993] [INFO] GET /secciones -> 200
[2025-10-08 21:30:40,241] [INFO] GET / -> 200
[2025-10-08 21:30:40,371] [INFO] GET /secciones -> 200
[2025-10-08 21:30:40,570] [INFO] GET / -> 200
[2025-10-08 21:30:40,697] [INFO] GET /secciones -> 200
[2025-10-08 21:30:40,889] [INFO] GET / -> 200
[2025-10-08 21:30:41,018] [INFO] GET /secciones -> 200
[2025-10-08 21:30:41,199] [INFO] GET / -> 200
[2025-10-08 21:30:41,323] [INFO] GET /secciones -> 200
[2025-10-08 21:31:21,851] [INFO] GET / -> 200
[2025-10-08 21:31:22,219] [INFO] GET /static/style.css -> 200
[2025-10-08 21:31:22,224] [INFO] GET /static/app.js -> 200
[2025-10-08 21:31:22,225] [INFO] GET /static/logo.png -> 200
[2025-10-08 21:31:23,808] [INFO] GET /static/favicon.ico -> 404
[2025-10-08 21:31:24,653] [INFO] GET / -> 200
[2025-10-08 21:31:24,879] [INFO] GET /static/favicon.ico -> 404
[2025-10-08 21:31:36,927] [INFO] GET / -> 200
[2025-10-08 21:31:37,160] [INFO] GET /static/style.css -> 200
[2025-10-08 21:31:37,167] [INFO] GET /static/logo.png -> 200
[2025-10-08 21:31:37,168] [INFO] GET /static/app.js -> 200
[2025-10-08 21:31:37,481] [INFO] GET / -> 200
[2025-10-08 21:31:37,785] [INFO] GET /static/favicon.ico -> 404
[2025-10-08 21:31:38,009] [INFO] GET / -> 200
[2025-10-08 21:31:38,009] [INFO] GET / -> 200
[2025-10-08 21:31:38,304] [INFO] GET /static/style.css -> 200
[2025-10-08 21:31:38,307] [INFO] GET /static/style.css -> 200
[2025-10-08 21:31:38,475] [INFO] GET /static/app.js -> 200
[2025-10-08 21:31:46,212] [INFO] GET / -> 200
[2025-10-08 21:31:53,412] [INFO] GET / -> 200
[2025-10-08 21:31:53,661] [INFO] GET /static/app.js -> 200
[2025-10-08 21:31:53,664] [INFO] GET /static/logo.png -> 200
[2025-10-08 21:31:53,682] [INFO] GET /static/style.css -> 200
[2025-10-08 21:31:54,063] [INFO] GET /static/app.js -> 200
[2025-10-08 21:31:54,218] [INFO] GET /static/favicon.ico -> 404
[2025-10-08 21:32:20,849] [INFO] GET / -> 200
[2025-10-08 21:32:20,985] [INFO] GET /secciones -> 200
[2025-10-08 21:32:21,758] [INFO] GET / -> 200
[2025-10-08 21:32:21,889] [INFO] GET /secciones -> 200
[2025-10-08 21:32:22,489] [INFO] GET / -> 200
[2025-10-08 21:32:22,617] [INFO] GET /secciones -> 200
[2025-10-08 21:32:22,889] [INFO] GET / -> 200
[2025-10-08 21:32:23,017] [INFO] GET /secciones -> 200
[2025-10-08 21:32:23,271] [INFO] GET / -> 200
[2025-10-08 21:32:23,398] [INFO] GET /secciones -> 200
[2025-10-08 21:32:23,587] [INFO] GET / -> 200
[2025-10-08 21:32:23,725] [INFO] GET /secciones -> 200
[2025-10-08 21:32:23,920] [INFO] GET / -> 200
[2025-10-08 21:32:24,051] [INFO] GET /secciones -> 200
[2025-10-08 21:32:24,268] [INFO] GET / -> 200
[2025-10-08 21:32:24,397] [INFO] GET /secciones -> 200
[2025-10-08 21:32:24,608] [INFO] GET / -> 200
[2025-10-08 21:32:24,738] [INFO] GET /secciones -> 200
[2025-10-08 21:32:24,944] [INFO] GET / -> 200
[2025-10-08 21:32:25,072] [INFO] GET /secciones -> 200
[2025-10-08 21:32:46,097] [INFO] GET / -> 200
[2025-10-08 21:33:10,504] [INFO] GET / -> 200
[2025-10-08 21:33:26,358] [INFO] GET / -> 200
[2025-10-08 21:33:26,497] [INFO] GET /secciones -> 200
[2025-10-08 21:33:27,267] [INFO] GET / -> 200
[2025-10-08 21:33:27,395] [INFO] GET /secciones -> 200
[2025-10-08 21:33:40,260] [INFO] GET / -> 200
[2025-10-08 21:33:47,677] [INFO] GET / -> 200
[2025-10-08 21:33:50,475] [INFO] GET / -> 200
[2025-10-08 21:36:08,876] [INFO] GET / -> 200
[2025-10-08 21:36:08,888] [INFO] GET /static/style.css -> 200
[2025-10-08 21:36:08,892] [INFO] GET /static/logo.png -> 200
[2025-10-08 21:36:08,897] [INFO] GET /static/app.js -> 200
[2025-10-08 21:36:08,957] [INFO] GET /secciones -> 200
[2025-10-08 21:36:09,134] [INFO] GET /static/favicon.ico -> 404
[2025-10-08 21:38:48,405] [INFO] GET / -> 200
[2025-10-08 21:38:48,442] [INFO] GET /static/style.css -> 304
[2025-10-08 21:38:48,443] [INFO] GET /static/app.js -> 200
[2025-10-08 21:38:48,522] [INFO] GET /secciones -> 200
[2025-10-08 21:38:48,695] [INFO] GET /static/favicon.ico -> 404
[2025-10-08 21:39:05,007] [INFO] GET / -> 200
[2025-10-08 21:39:05,255] [INFO] GET /static/favicon.ico -> 404
[2025-10-08 21:39:22,205] [INFO] GET / -> 200
[2025-10-08 21:39:22,463] [INFO] GET /static/style.css -> 200
[2025-10-08 21:39:22,470] [INFO] GET /static/logo.png -> 200
[2025-10-08 21:39:22,471] [INFO] GET /static/app.js -> 200
[2025-10-08 21:39:22,896] [INFO] GET /secciones -> 200
[2025-10-08 21:39:23,109] [INFO] GET /static/favicon.ico -> 404
[2025-10-08 21:39:30,689] [INFO] GET / -> 200
[2025-10-08 21:39:30,912] [INFO] GET /static/favicon.ico -> 404
[2025-10-08 21:39:37,545] [INFO] GET /comandos -> 200
[2025-10-08 21:39:38,987] [INFO] GET /comandos -> 200
[2025-10-08 21:39:40,132] [INFO] GET /comandos -> 200
[2025-10-08 21:39:41,226] [INFO] GET /comandos -> 200
[2025-10-08 21:39:42,049] [INFO] GET /comandos -> 200
[2025-10-08 21:39:43,183] [INFO] GET /comandos -> 200
[2025-10-08 21:39:44,414] [INFO] GET /comandos -> 200
[2025-10-08 21:39:54,135] [INFO] GET / -> 200
[2025-10-08 21:39:54,404] [INFO] GET /static/style.css -> 200
[2025-10-08 21:39:54,407] [INFO] GET /static/logo.png -> 200
[2025-10-08 21:39:54,408] [INFO] GET /static/app.js -> 200
[2025-10-08 21:39:54,858] [INFO] GET /secciones -> 200
[2025-10-08 21:39:55,134] [INFO] GET /static/favicon.ico -> 404
[2025-10-08 21:40:39,637] [INFO] GET /comandos -> 200
[2025-10-08 21:40:40,503] [INFO] GET /comandos -> 200
[2025-10-08 21:40:41,169] [INFO] GET /comandos -> 200
[2025-10-08 21:40:42,092] [INFO] GET /comandos -> 200
[2025-10-08 21:40:53,942] [INFO] GET /comandos -> 200
[2025-10-08 21:42:44,483] [INFO] GET /comandos -> 200
[2025-10-08 21:42:56,314] [INFO] Connecting to 149.154.175.59:443/TcpFull...
[2025-10-08 21:42:56,393] [INFO] Connection to 149.154.175.59:443/TcpFull complete!
[2025-10-08 21:43:00,256] [INFO] Starting direct file download in chunks of 131072 at 0, stride 131072
[2025-10-08 21:43:00,432] [INFO] Starting direct file download in chunks of 131072 at 0, stride 131072
[2025-10-08 21:43:02,067] [INFO] GET / -> 200
[2025-10-08 21:43:02,762] [INFO] GET /static/app.js -> 304
[2025-10-08 21:43:03,146] [INFO] Starting direct file download in chunks of 131072 at 0, stride 131072
[2025-10-08 21:43:03,149] [INFO] GET /secciones -> 200
[2025-10-08 21:43:04,600] [INFO] GET /comandos -> 200
[2025-10-08 21:43:05,362] [INFO] Starting direct file download in chunks of 131072 at 0, stride 131072
[2025-10-08 21:43:07,910] [INFO] GET /consulta -> 200
[2025-10-08 21:43:08,211] [INFO] GET /temp_files/respuestas.json -> 200
[2025-10-08 21:43:59,779] [INFO] GET /descargar/respuesta_1759977780_0.jpg -> 404
[2025-10-08 21:44:34,090] [INFO] GET / -> 200
[2025-10-08 21:44:34,316] [INFO] GET /static/app.js -> 304
[2025-10-08 21:44:34,536] [INFO] GET /secciones -> 200
[2025-10-08 21:44:36,137] [INFO] GET /comandos -> 200
[2025-10-08 21:44:40,624] [INFO] GET /descargar/respuesta_1759977780_0.jpg -> 404
[2025-10-08 21:45:02,054] [INFO] GET / -> 200
[2025-10-08 21:45:02,290] [INFO] GET /secciones -> 200
[2025-10-08 21:45:03,890] [INFO] GET /comandos -> 200
[2025-10-08 21:45:32,781] [INFO] GET /comandos -> 200
[2025-10-08 21:45:54,747] [INFO] Starting direct file download in chunks of 131072 at 0, stride 131072
[2025-10-08 21:45:54,874] [INFO] Starting direct file download in chunks of 131072 at 0, stride 131072
[2025-10-08 21:45:55,026] [INFO] GET /consulta -> 200
[2025-10-08 21:45:55,247] [INFO] GET /temp_files/respuestas.json -> 200
[2025-10-08 21:45:55,695] [INFO] Starting direct file download in chunks of 131072 at 0, stride 131072
[2025-10-08 21:45:55,852] [INFO] Starting direct file download in chunks of 131072 at 0, stride 131072
[2025-10-08 21:45:55,978] [INFO] GET /consulta -> 200
[2025-10-08 21:45:56,239] [INFO] GET /temp_files/respuestas.json -> 200
[2025-10-08 21:45:58,700] [INFO] GET /descargar/respuesta_1759977954_0.jpg -> 404
[2025-10-08 21:46:18,844] [INFO] Starting direct file download in chunks of 131072 at 0, stride 131072
[2025-10-08 21:46:18,976] [INFO] Starting direct file download in chunks of 131072 at 0, stride 131072
[2025-10-08 21:46:19,106] [INFO] GET /consulta -> 200
[2025-10-08 21:46:19,398] [INFO] GET /temp_files/respuestas.json -> 200
[2025-10-08 21:46:29,509] [INFO] GET /descargar/respuesta_1759977978_1.jpg -> 404
[2025-10-08 21:50:10,262] [INFO] GET / -> 200
[2025-10-08 21:50:10,507] [INFO] GET /static/style.css -> 200
[2025-10-08 21:50:10,508] [INFO] GET /static/app.js -> 200
[2025-10-08 21:50:10,848] [INFO] GET /secciones -> 200
[2025-10-08 21:50:16,251] [INFO] GET /comandos -> 200
[2025-10-08 21:50:30,980] [INFO] Starting direct file download in chunks of 131072 at 0, stride 131072
[2025-10-08 21:50:31,101] [INFO] Starting direct file download in chunks of 131072 at 0, stride 131072
[2025-10-08 21:50:33,521] [INFO] Starting direct file download in chunks of 131072 at 0, stride 131072
[2025-10-08 21:50:35,890] [INFO] Starting direct file download in chunks of 131072 at 0, stride 131072
[2025-10-08 21:50:36,017] [INFO] GET /consulta -> 200
[2025-10-08 21:50:36,230] [INFO] GET /temp_files/respuestas.json -> 200
[2025-10-08 21:50:39,871] [INFO] GET /descargar/respuesta_1759978230_0.jpg -> 404
[2025-10-08 21:50:43,575] [INFO] GET /descargar/respuesta_1759978230_0.jpg -> 404
[2025-10-08 21:51:15,438] [INFO] GET /descargar/respuesta_1759978230_0.jpg -> 404
[2025-10-08 21:51:17,047] [INFO] GET /descargar/respuesta_1759978230_0.jpg -> 404
[2025-10-08 21:51:19,199] [INFO] GET / -> 200
[2025-10-08 21:51:19,486] [INFO] GET /static/app.js -> 200
[2025-10-08 21:51:19,490] [INFO] GET /static/style.css -> 200
[2025-10-08 21:51:19,882] [INFO] GET /secciones -> 200
[2025-10-08 21:51:21,430] [INFO] GET /descargar/respuesta_1759978230_0.jpg -> 404
[2025-10-08 21:51:24,621] [INFO] GET /comandos -> 200
[2025-10-08 21:51:39,346] [INFO] Starting direct file download in chunks of 131072 at 0, stride 131072
[2025-10-08 21:51:39,483] [INFO] Starting direct file download in chunks of 131072 at 0, stride 131072
[2025-10-08 21:51:39,611] [INFO] Starting direct file download in chunks of 131072 at 0, stride 131072
[2025-10-08 21:51:42,052] [INFO] Starting direct file download in chunks of 131072 at 0, stride 131072
[2025-10-08 21:51:44,470] [INFO] GET /consulta -> 200
[2025-10-08 21:51:44,755] [INFO] GET /temp_files/respuestas.json -> 200
[2025-10-08 21:51:51,274] [INFO] GET /descargar/respuesta_1759978299_0.jpg -> 404
[2025-10-08 21:52:21,696] [INFO] GET /descargar/respuesta_1759978299_0.jpg -> 404
[2025-10-08 21:53:30,305] [INFO] GET / -> 200
[2025-10-08 21:53:30,515] [INFO] GET /static/style.css -> 200
[2025-10-08 21:53:30,520] [INFO] GET /static/logo.png -> 200
[2025-10-08 21:53:30,521] [INFO] GET /static/app.js -> 200
[2025-10-08 21:53:30,793] [INFO] GET /secciones -> 200
[2025-10-08 21:53:31,015] [INFO] GET /static/app.js -> 200
[2025-10-08 21:53:31,041] [INFO] GET /static/favicon.ico -> 404
[2025-10-08 21:53:32,703] [INFO] GET /comandos -> 200
[2025-10-08 21:53:52,960] [INFO] GET / -> 200
[2025-10-08 21:53:53,058] [INFO] Starting direct file download in chunks of 131072 at 0, stride 131072
[2025-10-08 21:53:53,183] [INFO] Starting direct file download in chunks of 131072 at 0, stride 131072
[2025-10-08 21:53:53,189] [INFO] GET /static/style.css -> 304
[2025-10-08 21:53:53,191] [INFO] GET /static/app.js -> 304
[2025-10-08 21:53:53,322] [INFO] Starting direct file download in chunks of 131072 at 0, stride 131072
[2025-10-08 21:53:53,414] [INFO] GET /secciones -> 200
[2025-10-08 21:53:55,409] [INFO] GET /comandos -> 200
[2025-10-08 21:53:55,793] [INFO] GET /consulta -> 200
[2025-10-08 21:53:55,995] [INFO] GET /temp_files/respuestas.json -> 200
[2025-10-08 21:53:59,519] [INFO] GET /descargar/respuesta_1759978433_1.jpg -> 404
[2025-10-08 21:54:03,606] [INFO] GET /descargar/respuesta_1759978433_1.jpg -> 404
[2025-10-08 21:54:04,585] [INFO] Starting direct file download in chunks of 131072 at 0, stride 131072
[2025-10-08 21:54:04,710] [INFO] Starting direct file download in chunks of 131072 at 0, stride 131072
[2025-10-08 21:54:04,815] [INFO] Starting direct file download in chunks of 131072 at 0, stride 131072
[2025-10-08 21:54:04,945] [INFO] GET /consulta -> 200
[2025-10-08 21:54:05,158] [INFO] GET /temp_files/respuestas.json -> 200
[2025-10-08 21:54:07,726] [INFO] GET /descargar/respuesta_1759978444_0.jpg -> 404
[2025-10-08 21:54:09,082] [INFO] GET /descargar/respuesta_1759978444_0.jpg -> 404
[2025-10-08 21:54:14,483] [INFO] GET /comandos -> 200
[2025-10-08 21:54:22,528] [INFO] Starting direct file download in chunks of 131072 at 0, stride 131072
[2025-10-08 21:54:22,661] [INFO] Starting direct file download in chunks of 131072 at 0, stride 131072
[2025-10-08 21:54:22,763] [INFO] Starting direct file download in chunks of 131072 at 0, stride 131072
[2025-10-08 21:54:22,905] [INFO] GET /consulta -> 200
[2025-10-08 21:54:23,101] [INFO] GET /temp_files/respuestas.json -> 200
[2025-10-08 21:54:25,826] [INFO] GET /descargar/respuesta_1759978462_1.jpg -> 404
[2025-10-08 21:54:29,583] [INFO] GET /comandos -> 200
[2025-10-08 21:54:32,831] [INFO] GET /descargar/respuesta_1759978444_0.jpg -> 404
[2025-10-08 21:54:36,295] [INFO] Starting direct file download in chunks of 131072 at 0, stride 131072
[2025-10-08 21:54:36,430] [INFO] GET /consulta -> 200
[2025-10-08 21:54:36,638] [INFO] GET /temp_files/respuestas.json -> 200
[2025-10-08 21:55:47,476] [INFO] GET /descargar/respuesta_1759978476_4.jpg -> 404
[2025-10-08 21:55:49,392] [INFO] GET /comandos -> 200
[2025-10-08 21:55:59,599] [INFO] Starting direct file download in chunks of 131072 at 0, stride 131072
[2025-10-08 21:55:59,749] [INFO] GET /consulta -> 200
[2025-10-08 21:55:59,940] [INFO] GET /temp_files/respuestas.json -> 200
[2025-10-08 21:56:03,734] [INFO] GET /descargar/respuesta_1759978559_5.jpg -> 404
[2025-10-08 21:56:05,227] [INFO] GET /comandos -> 200
[2025-10-08 21:56:12,613] [INFO] GET /static/style.css -> 304
[2025-10-08 21:56:13,866] [INFO] GET /consulta -> 200
[2025-10-08 21:56:14,065] [INFO] GET /temp_files/respuestas.json -> 200
[2025-10-08 21:56:27,739] [INFO] GET /comandos -> 200
[2025-10-08 21:56:36,823] [INFO] GET /consulta -> 200
[2025-10-08 21:56:37,023] [INFO] GET /temp_files/respuestas.json -> 200
[2025-10-08 21:56:45,522] [INFO] GET /comandos -> 200
[2025-10-08 21:56:53,541] [INFO] GET /consulta -> 200
[2025-10-08 21:56:53,740] [INFO] GET /temp_files/respuestas.json -> 200
[2025-10-08 21:57:03,612] [INFO] GET /comandos -> 200
[2025-10-08 21:57:08,986] [INFO] GET / -> 200
[2025-10-08 21:57:09,216] [INFO] GET /static/style.css -> 304
[2025-10-08 21:57:09,228] [INFO] GET /static/app.js -> 304
[2025-10-08 21:57:09,451] [INFO] GET /secciones -> 200
[2025-10-08 21:57:10,775] [INFO] GET /comandos -> 200
[2025-10-08 21:57:12,301] [INFO] GET /consulta -> 200
[2025-10-08 21:57:12,493] [INFO] GET /temp_files/respuestas.json -> 200
[2025-10-08 21:57:18,665] [INFO] GET /comandos -> 200
[2025-10-08 21:57:26,207] [INFO] Starting direct file download in chunks of 131072 at 0, stride 131072
[2025-10-08 21:57:26,338] [INFO] GET /consulta -> 200
[2025-10-08 21:57:26,557] [INFO] GET /temp_files/respuestas.json -> 200
[2025-10-08 21:57:27,895] [INFO] Starting direct file download in chunks of 131072 at 0, stride 131072
[2025-10-08 21:57:28,025] [INFO] GET /consulta -> 200
[2025-10-08 21:57:28,218] [INFO] GET /temp_files/respuestas.json -> 200
[2025-10-08 21:57:29,248] [INFO] GET /descargar/respuesta_1759978646_0.jpg -> 404
[2025-10-08 21:58:15,267] [INFO] GET /comandos -> 200
[2025-10-08 21:58:46,673] [INFO] GET / -> 200
[2025-10-08 21:58:46,905] [INFO] GET /static/style.css -> 304
[2025-10-08 21:58:46,917] [INFO] GET /static/app.js -> 304
[2025-10-08 21:58:47,140] [INFO] GET /secciones -> 200
[2025-10-08 21:58:48,634] [INFO] GET /comandos -> 200
[2025-10-08 21:58:57,837] [INFO] Starting direct file download in chunks of 131072 at 0, stride 131072
[2025-10-08 21:58:57,967] [INFO] Starting direct file download in chunks of 131072 at 0, stride 131072
[2025-10-08 21:58:58,095] [INFO] GET /consulta -> 200
[2025-10-08 21:58:58,319] [INFO] GET /temp_files/respuestas.json -> 200
[2025-10-08 21:59:00,617] [INFO] GET /descargar/respuesta_1759978737_0.jpg -> 404
[2025-10-08 21:59:29,190] [INFO] GET /comandos -> 200
[2025-10-08 21:59:29,741] [INFO] GET /comandos -> 200
[2025-10-08 21:59:30,737] [INFO] GET /comandos -> 200
[2025-10-08 21:59:31,279] [INFO] GET /comandos -> 200
[2025-10-08 21:59:32,789] [INFO] GET /comandos -> 200
[2025-10-08 21:59:33,384] [INFO] GET /comandos -> 200
[2025-10-08 21:59:37,017] [INFO] GET /descargar/respuesta_1759977954_0.json -> 404
[2025-10-08 21:59:37,321] [INFO] GET /favicon.ico -> 404
[2025-10-08 21:59:40,828] [INFO] Starting direct file download in chunks of 131072 at 0, stride 131072
[2025-10-08 21:59:40,954] [INFO] GET /consulta -> 200
[2025-10-08 21:59:41,152] [INFO] GET /temp_files/respuestas.json -> 200
[2025-10-08 21:59:43,741] [INFO] GET /descargar/respuesta_1759978780_5.jpg -> 404
[2025-10-08 22:04:49,416] [INFO] GET /comandos -> 200
[2025-10-08 22:04:51,719] [INFO] GET / -> 200
[2025-10-08 22:04:51,975] [INFO] GET /static/style.css -> 304
[2025-10-08 22:04:51,977] [INFO] GET /static/app.js -> 304
[2025-10-08 22:04:52,213] [INFO] GET /secciones -> 200
[2025-10-08 22:04:53,517] [INFO] GET /comandos -> 200
[2025-10-08 22:05:02,290] [INFO] Starting direct file download in chunks of 131072 at 0, stride 131072
[2025-10-08 22:05:02,460] [INFO] GET /consulta -> 200
[2025-10-08 22:05:02,693] [INFO] GET /temp_files/respuestas.json -> 200
[2025-10-08 22:05:05,637] [INFO] GET /descargar/respuesta_1759979102_0.jpg -> 404
[2025-10-08 22:10:46,399] [INFO] GET / -> 200
[2025-10-08 22:10:46,422] [INFO] GET /static/style.css -> 200
[2025-10-08 22:10:46,428] [INFO] GET /static/app.js -> 200
[2025-10-08 22:10:46,446] [INFO] GET /secciones -> 200
[2025-10-08 22:10:46,747] [INFO] GET /static/favicon.ico -> 404
[2025-10-08 22:10:50,100] [INFO] GET /health -> 200
[2025-10-08 22:11:04,006] [INFO] GET /descargar/respuesta_1759980342_0.json -> 404
[2025-10-08 22:12:15,213] [INFO] GET /descargar/respuesta_1759972205_4 -> 404
[2025-10-08 22:12:19,659] [INFO] GET /descargar/respuesta_1759972205_4 -> 404
[2025-10-08 22:12:26,099] [INFO] GET /descargar/respuesta_1759972205_4.jpeg -> 404
[2025-10-08 22:12:30,539] [INFO] GET /descargar/respuesta_1759972205_4.jpeg -> 404
[2025-10-08 22:14:46,820] [INFO] GET / -> 200
[2025-10-08 22:14:47,054] [INFO] GET /static/style.css -> 200
[2025-10-08 22:14:47,061] [INFO] GET /static/app.js -> 200
[2025-10-08 22:14:47,063] [INFO] GET /static/logo.png -> 200
[2025-10-08 22:14:47,391] [INFO] GET /secciones -> 200
[2025-10-08 22:14:47,729] [INFO] GET /static/favicon.ico -> 404
[2025-10-08 22:14:48,933] [INFO] GET /comandos -> 200
[2025-10-08 22:14:59,006] [INFO] Starting direct file download in chunks of 131072 at 0, stride 131072
[2025-10-08 22:14:59,172] [INFO] Starting direct file download in chunks of 131072 at 0, stride 131072
[2025-10-08 22:14:59,298] [INFO] GET /consulta -> 200
[2025-10-08 22:14:59,534] [INFO] GET /temp_files/respuestas.json -> 200
[2025-10-08 22:15:02,123] [INFO] GET /descargar/respuesta_1759979699_0.jpg -> 404
[2025-10-08 22:20:25,272] [INFO] GET / -> 200
[2025-10-08 22:20:25,530] [INFO] GET /static/style.css -> 304
[2025-10-08 22:20:25,532] [INFO] GET /static/app.js -> 304
[2025-10-08 22:20:25,781] [INFO] GET /secciones -> 200
[2025-10-08 22:20:27,292] [INFO] GET /comandos -> 200
[2025-10-08 22:20:36,844] [INFO] Starting direct file download in chunks of 131072 at 0, stride 131072
[2025-10-08 22:20:36,978] [INFO] Starting direct file download in chunks of 131072 at 0, stride 131072
[2025-10-08 22:20:37,103] [INFO] Starting direct file download in chunks of 131072 at 0, stride 131072
[2025-10-08 22:20:37,235] [INFO] GET /consulta -> 200
[2025-10-08 22:20:37,462] [INFO] GET /temp_files/respuestas.json -> 200
[2025-10-08 22:20:40,015] [INFO] GET /descargar/respuesta_1759980036_0.jpg -> 404
[2025-10-08 22:20:42,068] [INFO] GET /descargar/respuesta_1759980036_0.jpg -> 404
[2025-10-08 22:21:30,340] [INFO] GET / -> 200
[2025-10-08 22:21:30,600] [INFO] GET /secciones -> 200
[2025-10-08 22:21:31,691] [INFO] GET /comandos -> 200
[2025-10-08 22:21:40,661] [INFO] Starting direct file download in chunks of 131072 at 0, stride 131072
[2025-10-08 22:21:40,786] [INFO] Starting direct file download in chunks of 131072 at 0, stride 131072
[2025-10-08 22:21:40,909] [INFO] Starting direct file download in chunks of 131072 at 0, stride 131072
[2025-10-08 22:21:41,036] [INFO] GET /consulta -> 200
[2025-10-08 22:21:41,254] [INFO] GET /temp_files/respuestas.json -> 200
[2025-10-08 22:21:44,538] [INFO] GET /descargar/respuesta_1759980100_0.jpg -> 404
[2025-10-08 22:21:48,639] [INFO] GET /descargar/respuesta_1759980100_0.jpg -> 404
[2025-10-08 22:21:53,078] [INFO] GET /descargar/respuesta_1759980100_0.jpg -> 404
[2025-10-08 22:22:22,005] [INFO] GET /descargar/respuesta_1759980100_0.jpg -> 404
[2025-10-08 22:22:22,216] [INFO] GET /favicon.ico -> 404
[2025-10-08 22:22:53,735] [INFO] GET /descargar/respuesta_1759980100_0.jpg -> 404
[2025-10-08 22:24:48,137] [INFO] GET /descargar/respuesta_1759980100_0.jpg -> 404
[2025-10-08 22:25:41,998] [INFO] GET /debug/tempdir -> 404
